Replace Part C? C2012X7R1H104K085AA in C:\Users\simeo\Qsync\PCB_design\Projects\EE3 Project - MCU designs\Hospital_Ward_Management_System_Project_V1I1\[3] - PIC18F Subsystem SCHEMATIC.SchDoc with C2012X7R1H104K085AA from Comp LIb.SchLib
Replace Part C? C2012X5R1V106M125AC in C:\Users\simeo\Qsync\PCB_design\Projects\EE3 Project - MCU designs\Hospital_Ward_Management_System_Project_V1I1\[3] - PIC18F Subsystem SCHEMATIC.SchDoc with C2012X5R1V106M125AC from Comp LIb.SchLib
Replace Part C? C2012X7R1H104K085AA in C:\Users\simeo\Qsync\PCB_design\Projects\EE3 Project - MCU designs\Hospital_Ward_Management_System_Project_V1I1\[3] - PIC18F Subsystem SCHEMATIC.SchDoc with C2012X7R1H104K085AA from Comp LIb.SchLib
Replace Part C? C2012X7R1H104K085AA in C:\Users\simeo\Qsync\PCB_design\Projects\EE3 Project - MCU designs\Hospital_Ward_Management_System_Project_V1I1\[3] - PIC18F Subsystem SCHEMATIC.SchDoc with C2012X7R1H104K085AA from Comp LIb.SchLib
Replace Part C? C2012X7R1H104K085AA in C:\Users\simeo\Qsync\PCB_design\Projects\EE3 Project - MCU designs\Hospital_Ward_Management_System_Project_V1I1\[3] - PIC18F Subsystem SCHEMATIC.SchDoc with C2012X7R1H104K085AA from Comp LIb.SchLib
Replace Part C? C2012X7R1H104K085AA in C:\Users\simeo\Qsync\PCB_design\Projects\EE3 Project - MCU designs\Hospital_Ward_Management_System_Project_V1I1\[3] - PIC18F Subsystem SCHEMATIC.SchDoc with C2012X7R1H104K085AA from Comp LIb.SchLib
Replace Part C? C2012X7R1H104K085AA in C:\Users\simeo\Qsync\PCB_design\Projects\EE3 Project - MCU designs\Hospital_Ward_Management_System_Project_V1I1\[3] - PIC18F Subsystem SCHEMATIC.SchDoc with C2012X7R1H104K085AA from Comp LIb.SchLib
Replace Part C? C2012X5R1V106M125AC in C:\Users\simeo\Qsync\PCB_design\Projects\EE3 Project - MCU designs\Hospital_Ward_Management_System_Project_V1I1\[3] - PIC18F Subsystem SCHEMATIC.SchDoc with C2012X5R1V106M125AC from Comp LIb.SchLib
Replace Part C? C2012X7R1H104K085AA in C:\Users\simeo\Qsync\PCB_design\Projects\EE3 Project - MCU designs\Hospital_Ward_Management_System_Project_V1I1\[3] - PIC18F Subsystem SCHEMATIC.SchDoc with C2012X7R1H104K085AA from Comp LIb.SchLib
Replace Part C? C2012X7R1H104K085AA in C:\Users\simeo\Qsync\PCB_design\Projects\EE3 Project - MCU designs\Hospital_Ward_Management_System_Project_V1I1\[3] - PIC18F Subsystem SCHEMATIC.SchDoc with C2012X7R1H104K085AA from Comp LIb.SchLib
Replace Part C? C2012X7R1H104K085AA in C:\Users\simeo\Qsync\PCB_design\Projects\EE3 Project - MCU designs\Hospital_Ward_Management_System_Project_V1I1\[3] - PIC18F Subsystem SCHEMATIC.SchDoc with C2012X7R1H104K085AA from Comp LIb.SchLib
Replace Part C? C2012X5R1V106M125AC in C:\Users\simeo\Qsync\PCB_design\Projects\EE3 Project - MCU designs\Hospital_Ward_Management_System_Project_V1I1\[3] - PIC18F Subsystem SCHEMATIC.SchDoc with C2012X5R1V106M125AC from Comp LIb.SchLib
Replace Part C? C2012X7R1H104K085AA in C:\Users\simeo\Qsync\PCB_design\Projects\EE3 Project - MCU designs\Hospital_Ward_Management_System_Project_V1I1\[3] - PIC18F Subsystem SCHEMATIC.SchDoc with C2012X7R1H104K085AA from Comp LIb.SchLib
Replace Part C? C2012X7R1H104K085AA in C:\Users\simeo\Qsync\PCB_design\Projects\EE3 Project - MCU designs\Hospital_Ward_Management_System_Project_V1I1\[3] - PIC18F Subsystem SCHEMATIC.SchDoc with C2012X7R1H104K085AA from Comp LIb.SchLib
Replace Part C? C2012X7R1H104K085AA in C:\Users\simeo\Qsync\PCB_design\Projects\EE3 Project - MCU designs\Hospital_Ward_Management_System_Project_V1I1\[3] - PIC18F Subsystem SCHEMATIC.SchDoc with C2012X7R1H104K085AA from Comp LIb.SchLib
Replace Part C? C2012X7R1H104K085AA in C:\Users\simeo\Qsync\PCB_design\Projects\EE3 Project - MCU designs\Hospital_Ward_Management_System_Project_V1I1\[3] - PIC18F Subsystem SCHEMATIC.SchDoc with C2012X7R1H104K085AA from Comp LIb.SchLib
Replace Part C? C2012X7R1H104K085AA in C:\Users\simeo\Qsync\PCB_design\Projects\EE3 Project - MCU designs\Hospital_Ward_Management_System_Project_V1I1\[3] - PIC18F Subsystem SCHEMATIC.SchDoc with C2012X7R1H104K085AA from Comp LIb.SchLib
Replace Part C? C2012X7R1H104K085AA in C:\Users\simeo\Qsync\PCB_design\Projects\EE3 Project - MCU designs\Hospital_Ward_Management_System_Project_V1I1\[3] - PIC18F Subsystem SCHEMATIC.SchDoc with C2012X7R1H104K085AA from Comp LIb.SchLib
Replace Part C? C2012X7R1H104K085AA in C:\Users\simeo\Qsync\PCB_design\Projects\EE3 Project - MCU designs\Hospital_Ward_Management_System_Project_V1I1\[3] - PIC18F Subsystem SCHEMATIC.SchDoc with C2012X7R1H104K085AA from Comp LIb.SchLib
Replace Part D? SML-D12D8WT86 in C:\Users\simeo\Qsync\PCB_design\Projects\EE3 Project - MCU designs\Hospital_Ward_Management_System_Project_V1I1\[3] - PIC18F Subsystem SCHEMATIC.SchDoc with SML-D12D8WT86 from Comp LIb.SchLib
Replace Part FB? MPZ2012S601AT000 in C:\Users\simeo\Qsync\PCB_design\Projects\EE3 Project - MCU designs\Hospital_Ward_Management_System_Project_V1I1\[3] - PIC18F Subsystem SCHEMATIC.SchDoc with MPZ2012S601AT000 from Comp LIb.SchLib
Replace Part FB? MPZ2012S601AT000 in C:\Users\simeo\Qsync\PCB_design\Projects\EE3 Project - MCU designs\Hospital_Ward_Management_System_Project_V1I1\[3] - PIC18F Subsystem SCHEMATIC.SchDoc with MPZ2012S601AT000 from Comp LIb.SchLib
Replace Part H? PT-4175PQ in C:\Users\simeo\Qsync\PCB_design\Projects\EE3 Project - MCU designs\Hospital_Ward_Management_System_Project_V1I1\[3] - PIC18F Subsystem SCHEMATIC.SchDoc with PT-4175PQ from Comp LIb.SchLib
Replace Part J? M20-7820542 in C:\Users\simeo\Qsync\PCB_design\Projects\EE3 Project - MCU designs\Hospital_Ward_Management_System_Project_V1I1\[3] - PIC18F Subsystem SCHEMATIC.SchDoc with M20-7820542 from Comp LIb.SchLib
Replace Part J? M20-7820842 in C:\Users\simeo\Qsync\PCB_design\Projects\EE3 Project - MCU designs\Hospital_Ward_Management_System_Project_V1I1\[3] - PIC18F Subsystem SCHEMATIC.SchDoc with M20-7820842 from Comp LIb.SchLib
Replace Part J? 10129381-908001BLF in C:\Users\simeo\Qsync\PCB_design\Projects\EE3 Project - MCU designs\Hospital_Ward_Management_System_Project_V1I1\[3] - PIC18F Subsystem SCHEMATIC.SchDoc with 10129381-908001BLF from Comp LIb.SchLib
Replace Part J? M20-7821242 in C:\Users\simeo\Qsync\PCB_design\Projects\EE3 Project - MCU designs\Hospital_Ward_Management_System_Project_V1I1\[3] - PIC18F Subsystem SCHEMATIC.SchDoc with M20-7821242 from Comp LIb.SchLib
Replace Part J? 10129381-908001BLF in C:\Users\simeo\Qsync\PCB_design\Projects\EE3 Project - MCU designs\Hospital_Ward_Management_System_Project_V1I1\[3] - PIC18F Subsystem SCHEMATIC.SchDoc with 10129381-908001BLF from Comp LIb.SchLib
Replace Part J? M20-7820442 in C:\Users\simeo\Qsync\PCB_design\Projects\EE3 Project - MCU designs\Hospital_Ward_Management_System_Project_V1I1\[3] - PIC18F Subsystem SCHEMATIC.SchDoc with M20-7820442 from Comp LIb.SchLib
Replace Part J? M20-7820442 in C:\Users\simeo\Qsync\PCB_design\Projects\EE3 Project - MCU designs\Hospital_Ward_Management_System_Project_V1I1\[3] - PIC18F Subsystem SCHEMATIC.SchDoc with M20-7820442 from Comp LIb.SchLib
Replace Part J? M20-7830342 in C:\Users\simeo\Qsync\PCB_design\Projects\EE3 Project - MCU designs\Hospital_Ward_Management_System_Project_V1I1\[3] - PIC18F Subsystem SCHEMATIC.SchDoc with M20-7830342 from Comp LIb.SchLib
Replace Part J? M20-7820442 in C:\Users\simeo\Qsync\PCB_design\Projects\EE3 Project - MCU designs\Hospital_Ward_Management_System_Project_V1I1\[3] - PIC18F Subsystem SCHEMATIC.SchDoc with M20-7820442 from Comp LIb.SchLib
Replace Part Q? SI4848ADY-T1-GE3 in C:\Users\simeo\Qsync\PCB_design\Projects\EE3 Project - MCU designs\Hospital_Ward_Management_System_Project_V1I1\[3] - PIC18F Subsystem SCHEMATIC.SchDoc with SI4848ADY-T1-GE3 from Comp LIb.SchLib
Replace Part R? RC0805FR-07560RL in C:\Users\simeo\Qsync\PCB_design\Projects\EE3 Project - MCU designs\Hospital_Ward_Management_System_Project_V1I1\[3] - PIC18F Subsystem SCHEMATIC.SchDoc with RC0805FR-07560RL from Comp LIb.SchLib
Replace Part R? RC0805FR-07100RL in C:\Users\simeo\Qsync\PCB_design\Projects\EE3 Project - MCU designs\Hospital_Ward_Management_System_Project_V1I1\[3] - PIC18F Subsystem SCHEMATIC.SchDoc with RC0805FR-07100RL from Comp LIb.SchLib
Replace Part R? RC0805FR-1322RL in C:\Users\simeo\Qsync\PCB_design\Projects\EE3 Project - MCU designs\Hospital_Ward_Management_System_Project_V1I1\[3] - PIC18F Subsystem SCHEMATIC.SchDoc with RC0805FR-1322RL from Comp LIb.SchLib
Replace Part R? RC0805FR-131KL in C:\Users\simeo\Qsync\PCB_design\Projects\EE3 Project - MCU designs\Hospital_Ward_Management_System_Project_V1I1\[3] - PIC18F Subsystem SCHEMATIC.SchDoc with RC0805FR-131KL from Comp LIb.SchLib
Replace Part R? RC0805FR-1322RL in C:\Users\simeo\Qsync\PCB_design\Projects\EE3 Project - MCU designs\Hospital_Ward_Management_System_Project_V1I1\[3] - PIC18F Subsystem SCHEMATIC.SchDoc with RC0805FR-1322RL from Comp LIb.SchLib
Replace Part R? RC0805FR-07100RL in C:\Users\simeo\Qsync\PCB_design\Projects\EE3 Project - MCU designs\Hospital_Ward_Management_System_Project_V1I1\[3] - PIC18F Subsystem SCHEMATIC.SchDoc with RC0805FR-07100RL from Comp LIb.SchLib
Replace Part R? RC0805JR-13100ML in C:\Users\simeo\Qsync\PCB_design\Projects\EE3 Project - MCU designs\Hospital_Ward_Management_System_Project_V1I1\[3] - PIC18F Subsystem SCHEMATIC.SchDoc with RC0805JR-13100ML from Comp LIb.SchLib
Replace Part SW? L101011MS02Q in C:\Users\simeo\Qsync\PCB_design\Projects\EE3 Project - MCU designs\Hospital_Ward_Management_System_Project_V1I1\[3] - PIC18F Subsystem SCHEMATIC.SchDoc with L101011MS02Q from Comp LIb.SchLib
Replace Part T? LM335Z in C:\Users\simeo\Qsync\PCB_design\Projects\EE3 Project - MCU designs\Hospital_Ward_Management_System_Project_V1I1\[3] - PIC18F Subsystem SCHEMATIC.SchDoc with LM335Z from Comp LIb.SchLib
Replace Part T? LM335Z in C:\Users\simeo\Qsync\PCB_design\Projects\EE3 Project - MCU designs\Hospital_Ward_Management_System_Project_V1I1\[3] - PIC18F Subsystem SCHEMATIC.SchDoc with LM335Z from Comp LIb.SchLib
Replace Part T? LM335Z in C:\Users\simeo\Qsync\PCB_design\Projects\EE3 Project - MCU designs\Hospital_Ward_Management_System_Project_V1I1\[3] - PIC18F Subsystem SCHEMATIC.SchDoc with LM335Z from Comp LIb.SchLib
Replace Part U? PIC18F57Q43-I/PT in C:\Users\simeo\Qsync\PCB_design\Projects\EE3 Project - MCU designs\Hospital_Ward_Management_System_Project_V1I1\[3] - PIC18F Subsystem SCHEMATIC.SchDoc with PIC18F57Q43-I/PT from Comp LIb.SchLib
Replace Part U? ULN2003ADR in C:\Users\simeo\Qsync\PCB_design\Projects\EE3 Project - MCU designs\Hospital_Ward_Management_System_Project_V1I1\[3] - PIC18F Subsystem SCHEMATIC.SchDoc with ULN2003ADR from Comp LIb.SchLib
Replace Part VR? 3361P-1-103GLF in C:\Users\simeo\Qsync\PCB_design\Projects\EE3 Project - MCU designs\Hospital_Ward_Management_System_Project_V1I1\[3] - PIC18F Subsystem SCHEMATIC.SchDoc with 3361P-1-103GLF from Comp LIb.SchLib
