Replace Part C1 C2012X7R1H104K085AA in C:\Users\simeo\Qsync\PCB_design\Projects\EE3 Project - MCU designs\Hospital_Ward_Management_System_Project_V1I1\[3] - PIC18F SUBSYSTEM SCHEMATIC.SchDoc with C2012X7R1H104K085AA from Comp LIb.SchLib
Replace Part C2 C2012X7R1H104K085AA in C:\Users\simeo\Qsync\PCB_design\Projects\EE3 Project - MCU designs\Hospital_Ward_Management_System_Project_V1I1\[3] - PIC18F SUBSYSTEM SCHEMATIC.SchDoc with C2012X7R1H104K085AA from Comp LIb.SchLib
Replace Part C5 C2012X7R1H104K085AA in C:\Users\simeo\Qsync\PCB_design\Projects\EE3 Project - MCU designs\Hospital_Ward_Management_System_Project_V1I1\[3] - PIC18F SUBSYSTEM SCHEMATIC.SchDoc with C2012X7R1H104K085AA from Comp LIb.SchLib
Replace Part C6 C2012X7R1H104K085AA in C:\Users\simeo\Qsync\PCB_design\Projects\EE3 Project - MCU designs\Hospital_Ward_Management_System_Project_V1I1\[3] - PIC18F SUBSYSTEM SCHEMATIC.SchDoc with C2012X7R1H104K085AA from Comp LIb.SchLib
Replace Part C7 C2012X7R1H104K085AA in C:\Users\simeo\Qsync\PCB_design\Projects\EE3 Project - MCU designs\Hospital_Ward_Management_System_Project_V1I1\[3] - PIC18F SUBSYSTEM SCHEMATIC.SchDoc with C2012X7R1H104K085AA from Comp LIb.SchLib
Replace Part C8 C2012X5R1V106M125AC in C:\Users\simeo\Qsync\PCB_design\Projects\EE3 Project - MCU designs\Hospital_Ward_Management_System_Project_V1I1\[3] - PIC18F SUBSYSTEM SCHEMATIC.SchDoc with C2012X5R1V106M125AC from Comp LIb.SchLib
Replace Part C9 C2012X7R1H104K085AA in C:\Users\simeo\Qsync\PCB_design\Projects\EE3 Project - MCU designs\Hospital_Ward_Management_System_Project_V1I1\[3] - PIC18F SUBSYSTEM SCHEMATIC.SchDoc with C2012X7R1H104K085AA from Comp LIb.SchLib
Replace Part C10 C2012X7R1H104K085AA in C:\Users\simeo\Qsync\PCB_design\Projects\EE3 Project - MCU designs\Hospital_Ward_Management_System_Project_V1I1\[3] - PIC18F SUBSYSTEM SCHEMATIC.SchDoc with C2012X7R1H104K085AA from Comp LIb.SchLib
Replace Part C11 C2012X5R1V106M125AC in C:\Users\simeo\Qsync\PCB_design\Projects\EE3 Project - MCU designs\Hospital_Ward_Management_System_Project_V1I1\[3] - PIC18F SUBSYSTEM SCHEMATIC.SchDoc with C2012X5R1V106M125AC from Comp LIb.SchLib
Replace Part C12 C2012X5R1V106M125AC in C:\Users\simeo\Qsync\PCB_design\Projects\EE3 Project - MCU designs\Hospital_Ward_Management_System_Project_V1I1\[3] - PIC18F SUBSYSTEM SCHEMATIC.SchDoc with C2012X5R1V106M125AC from Comp LIb.SchLib
Replace Part C13 C2012X7R1H104K085AA in C:\Users\simeo\Qsync\PCB_design\Projects\EE3 Project - MCU designs\Hospital_Ward_Management_System_Project_V1I1\[3] - PIC18F SUBSYSTEM SCHEMATIC.SchDoc with C2012X7R1H104K085AA from Comp LIb.SchLib
Replace Part C14 C2012X7R1H104K085AA in C:\Users\simeo\Qsync\PCB_design\Projects\EE3 Project - MCU designs\Hospital_Ward_Management_System_Project_V1I1\[3] - PIC18F SUBSYSTEM SCHEMATIC.SchDoc with C2012X7R1H104K085AA from Comp LIb.SchLib
Replace Part C15 C2012X7R1H104K085AA in C:\Users\simeo\Qsync\PCB_design\Projects\EE3 Project - MCU designs\Hospital_Ward_Management_System_Project_V1I1\[3] - PIC18F SUBSYSTEM SCHEMATIC.SchDoc with C2012X7R1H104K085AA from Comp LIb.SchLib
Replace Part C16 C2012X7R1H104K085AA in C:\Users\simeo\Qsync\PCB_design\Projects\EE3 Project - MCU designs\Hospital_Ward_Management_System_Project_V1I1\[3] - PIC18F SUBSYSTEM SCHEMATIC.SchDoc with C2012X7R1H104K085AA from Comp LIb.SchLib
Replace Part C17 C2012X7R1H104K085AA in C:\Users\simeo\Qsync\PCB_design\Projects\EE3 Project - MCU designs\Hospital_Ward_Management_System_Project_V1I1\[3] - PIC18F SUBSYSTEM SCHEMATIC.SchDoc with C2012X7R1H104K085AA from Comp LIb.SchLib
Replace Part C18 C2012X7R1H104K085AA in C:\Users\simeo\Qsync\PCB_design\Projects\EE3 Project - MCU designs\Hospital_Ward_Management_System_Project_V1I1\[3] - PIC18F SUBSYSTEM SCHEMATIC.SchDoc with C2012X7R1H104K085AA from Comp LIb.SchLib
Replace Part C19 C2012X7R1H104K085AA in C:\Users\simeo\Qsync\PCB_design\Projects\EE3 Project - MCU designs\Hospital_Ward_Management_System_Project_V1I1\[3] - PIC18F SUBSYSTEM SCHEMATIC.SchDoc with C2012X7R1H104K085AA from Comp LIb.SchLib
Replace Part C20 C2012X7R1H104K085AA in C:\Users\simeo\Qsync\PCB_design\Projects\EE3 Project - MCU designs\Hospital_Ward_Management_System_Project_V1I1\[3] - PIC18F SUBSYSTEM SCHEMATIC.SchDoc with C2012X7R1H104K085AA from Comp LIb.SchLib
Replace Part C22 C2012X7R1H104K085AA in C:\Users\simeo\Qsync\PCB_design\Projects\EE3 Project - MCU designs\Hospital_Ward_Management_System_Project_V1I1\[3] - PIC18F SUBSYSTEM SCHEMATIC.SchDoc with C2012X7R1H104K085AA from Comp LIb.SchLib
Replace Part D1 VLHW5100 in C:\Users\simeo\Qsync\PCB_design\Projects\EE3 Project - MCU designs\Hospital_Ward_Management_System_Project_V1I1\[3] - PIC18F SUBSYSTEM SCHEMATIC.SchDoc with VLHW5100 from Comp LIb.SchLib
Replace Part FB1 MPZ2012S601AT000 in C:\Users\simeo\Qsync\PCB_design\Projects\EE3 Project - MCU designs\Hospital_Ward_Management_System_Project_V1I1\[3] - PIC18F SUBSYSTEM SCHEMATIC.SchDoc with MPZ2012S601AT000 from Comp LIb.SchLib
Replace Part FB2 MPZ2012S601AT000 in C:\Users\simeo\Qsync\PCB_design\Projects\EE3 Project - MCU designs\Hospital_Ward_Management_System_Project_V1I1\[3] - PIC18F SUBSYSTEM SCHEMATIC.SchDoc with MPZ2012S601AT000 from Comp LIb.SchLib
Replace Part J1 M20-7820442 in C:\Users\simeo\Qsync\PCB_design\Projects\EE3 Project - MCU designs\Hospital_Ward_Management_System_Project_V1I1\[3] - PIC18F SUBSYSTEM SCHEMATIC.SchDoc with M20-7820442 from Comp LIb.SchLib
Replace Part J2 M20-7820442 in C:\Users\simeo\Qsync\PCB_design\Projects\EE3 Project - MCU designs\Hospital_Ward_Management_System_Project_V1I1\[3] - PIC18F SUBSYSTEM SCHEMATIC.SchDoc with M20-7820442 from Comp LIb.SchLib
Replace Part J3 M20-7830342 in C:\Users\simeo\Qsync\PCB_design\Projects\EE3 Project - MCU designs\Hospital_Ward_Management_System_Project_V1I1\[3] - PIC18F SUBSYSTEM SCHEMATIC.SchDoc with M20-7830342 from Comp LIb.SchLib
Replace Part J4 10129381-908001BLF in C:\Users\simeo\Qsync\PCB_design\Projects\EE3 Project - MCU designs\Hospital_Ward_Management_System_Project_V1I1\[3] - PIC18F SUBSYSTEM SCHEMATIC.SchDoc with 10129381-908001BLF from Comp LIb.SchLib
Replace Part J5 M20-7820542 in C:\Users\simeo\Qsync\PCB_design\Projects\EE3 Project - MCU designs\Hospital_Ward_Management_System_Project_V1I1\[3] - PIC18F SUBSYSTEM SCHEMATIC.SchDoc with M20-7820542 from Comp LIb.SchLib
Replace Part J6 10129381-908001BLF in C:\Users\simeo\Qsync\PCB_design\Projects\EE3 Project - MCU designs\Hospital_Ward_Management_System_Project_V1I1\[3] - PIC18F SUBSYSTEM SCHEMATIC.SchDoc with 10129381-908001BLF from Comp LIb.SchLib
Replace Part J7 M20-7821242 in C:\Users\simeo\Qsync\PCB_design\Projects\EE3 Project - MCU designs\Hospital_Ward_Management_System_Project_V1I1\[3] - PIC18F SUBSYSTEM SCHEMATIC.SchDoc with M20-7821242 from Comp LIb.SchLib
Replace Part J8 M20-7820842 in C:\Users\simeo\Qsync\PCB_design\Projects\EE3 Project - MCU designs\Hospital_Ward_Management_System_Project_V1I1\[3] - PIC18F SUBSYSTEM SCHEMATIC.SchDoc with M20-7820842 from Comp LIb.SchLib
Replace Part J9 68705-103HLF in C:\Users\simeo\Qsync\PCB_design\Projects\EE3 Project - MCU designs\Hospital_Ward_Management_System_Project_V1I1\[3] - PIC18F SUBSYSTEM SCHEMATIC.SchDoc with 68705-103HLF from Comp LIb.SchLib
Replace Part J10 77311-101-08LF in C:\Users\simeo\Qsync\PCB_design\Projects\EE3 Project - MCU designs\Hospital_Ward_Management_System_Project_V1I1\[3] - PIC18F SUBSYSTEM SCHEMATIC.SchDoc with 77311-101-08LF from Comp LIb.SchLib
Replace Part LS1 PKLCS1212E2400-R1 in C:\Users\simeo\Qsync\PCB_design\Projects\EE3 Project - MCU designs\Hospital_Ward_Management_System_Project_V1I1\[3] - PIC18F SUBSYSTEM SCHEMATIC.SchDoc with PKLCS1212E2400-R1 from Comp LIb.SchLib
Replace Part MH1 MH_7.4MMC_3.2 in C:\Users\simeo\Qsync\PCB_design\Projects\EE3 Project - MCU designs\Hospital_Ward_Management_System_Project_V1I1\[3] - PIC18F SUBSYSTEM SCHEMATIC.SchDoc with MH_7.4MMC_3.2 from Comp LIb.SchLib
Replace Part MH2 MH_7.4MMC_3.2 in C:\Users\simeo\Qsync\PCB_design\Projects\EE3 Project - MCU designs\Hospital_Ward_Management_System_Project_V1I1\[3] - PIC18F SUBSYSTEM SCHEMATIC.SchDoc with MH_7.4MMC_3.2 from Comp LIb.SchLib
Replace Part MH3 MH_7.4MMC_3.2 in C:\Users\simeo\Qsync\PCB_design\Projects\EE3 Project - MCU designs\Hospital_Ward_Management_System_Project_V1I1\[3] - PIC18F SUBSYSTEM SCHEMATIC.SchDoc with MH_7.4MMC_3.2 from Comp LIb.SchLib
Replace Part MH4 MH_7.4MMC_3.2 in C:\Users\simeo\Qsync\PCB_design\Projects\EE3 Project - MCU designs\Hospital_Ward_Management_System_Project_V1I1\[3] - PIC18F SUBSYSTEM SCHEMATIC.SchDoc with MH_7.4MMC_3.2 from Comp LIb.SchLib
Replace Part Q1 SI4848ADY-T1-GE3 in C:\Users\simeo\Qsync\PCB_design\Projects\EE3 Project - MCU designs\Hospital_Ward_Management_System_Project_V1I1\[3] - PIC18F SUBSYSTEM SCHEMATIC.SchDoc with SI4848ADY-T1-GE3 from Comp LIb.SchLib
Replace Part R1 RC0805JR-070RL in C:\Users\simeo\Qsync\PCB_design\Projects\EE3 Project - MCU designs\Hospital_Ward_Management_System_Project_V1I1\[3] - PIC18F SUBSYSTEM SCHEMATIC.SchDoc with RC0805JR-070RL from Comp LIb.SchLib
Replace Part R2 RC0805JR-070RL in C:\Users\simeo\Qsync\PCB_design\Projects\EE3 Project - MCU designs\Hospital_Ward_Management_System_Project_V1I1\[3] - PIC18F SUBSYSTEM SCHEMATIC.SchDoc with RC0805JR-070RL from Comp LIb.SchLib
Replace Part R3 RC0805FR-131KL in C:\Users\simeo\Qsync\PCB_design\Projects\EE3 Project - MCU designs\Hospital_Ward_Management_System_Project_V1I1\[3] - PIC18F SUBSYSTEM SCHEMATIC.SchDoc with RC0805FR-131KL from Comp LIb.SchLib
Replace Part R4 RC0805FR-07560RL in C:\Users\simeo\Qsync\PCB_design\Projects\EE3 Project - MCU designs\Hospital_Ward_Management_System_Project_V1I1\[3] - PIC18F SUBSYSTEM SCHEMATIC.SchDoc with RC0805FR-07560RL from Comp LIb.SchLib
Replace Part R5 RC0805FR-1322RL in C:\Users\simeo\Qsync\PCB_design\Projects\EE3 Project - MCU designs\Hospital_Ward_Management_System_Project_V1I1\[3] - PIC18F SUBSYSTEM SCHEMATIC.SchDoc with RC0805FR-1322RL from Comp LIb.SchLib
Replace Part R6 RC0805FR-07100RL in C:\Users\simeo\Qsync\PCB_design\Projects\EE3 Project - MCU designs\Hospital_Ward_Management_System_Project_V1I1\[3] - PIC18F SUBSYSTEM SCHEMATIC.SchDoc with RC0805FR-07100RL from Comp LIb.SchLib
Replace Part R7 RC0805FR-1322RL in C:\Users\simeo\Qsync\PCB_design\Projects\EE3 Project - MCU designs\Hospital_Ward_Management_System_Project_V1I1\[3] - PIC18F SUBSYSTEM SCHEMATIC.SchDoc with RC0805FR-1322RL from Comp LIb.SchLib
Replace Part R8 RC0805FR-07560RL in C:\Users\simeo\Qsync\PCB_design\Projects\EE3 Project - MCU designs\Hospital_Ward_Management_System_Project_V1I1\[3] - PIC18F SUBSYSTEM SCHEMATIC.SchDoc with RC0805FR-07560RL from Comp LIb.SchLib
Replace Part R9 RC0805FR-131KL in C:\Users\simeo\Qsync\PCB_design\Projects\EE3 Project - MCU designs\Hospital_Ward_Management_System_Project_V1I1\[3] - PIC18F SUBSYSTEM SCHEMATIC.SchDoc with RC0805FR-131KL from Comp LIb.SchLib
Replace Part R11 RC0805FR-1322RL in C:\Users\simeo\Qsync\PCB_design\Projects\EE3 Project - MCU designs\Hospital_Ward_Management_System_Project_V1I1\[3] - PIC18F SUBSYSTEM SCHEMATIC.SchDoc with RC0805FR-1322RL from Comp LIb.SchLib
Replace Part R12 RC0805FR-07560RL in C:\Users\simeo\Qsync\PCB_design\Projects\EE3 Project - MCU designs\Hospital_Ward_Management_System_Project_V1I1\[3] - PIC18F SUBSYSTEM SCHEMATIC.SchDoc with RC0805FR-07560RL from Comp LIb.SchLib
Replace Part R14 RC0805JR-13100ML in C:\Users\simeo\Qsync\PCB_design\Projects\EE3 Project - MCU designs\Hospital_Ward_Management_System_Project_V1I1\[3] - PIC18F SUBSYSTEM SCHEMATIC.SchDoc with RC0805JR-13100ML from Comp LIb.SchLib
Replace Part R15 RC0805FR-1322RL in C:\Users\simeo\Qsync\PCB_design\Projects\EE3 Project - MCU designs\Hospital_Ward_Management_System_Project_V1I1\[3] - PIC18F SUBSYSTEM SCHEMATIC.SchDoc with RC0805FR-1322RL from Comp LIb.SchLib
Replace Part S1 D6RLRDF1LFS in C:\Users\simeo\Qsync\PCB_design\Projects\EE3 Project - MCU designs\Hospital_Ward_Management_System_Project_V1I1\[3] - PIC18F SUBSYSTEM SCHEMATIC.SchDoc with D6RLRDF1LFS from Comp LIb.SchLib
Replace Part T1 LM335Z in C:\Users\simeo\Qsync\PCB_design\Projects\EE3 Project - MCU designs\Hospital_Ward_Management_System_Project_V1I1\[3] - PIC18F SUBSYSTEM SCHEMATIC.SchDoc with LM335Z from Comp LIb.SchLib
Replace Part T2 LM335Z in C:\Users\simeo\Qsync\PCB_design\Projects\EE3 Project - MCU designs\Hospital_Ward_Management_System_Project_V1I1\[3] - PIC18F SUBSYSTEM SCHEMATIC.SchDoc with LM335Z from Comp LIb.SchLib
Replace Part T3 LM335Z in C:\Users\simeo\Qsync\PCB_design\Projects\EE3 Project - MCU designs\Hospital_Ward_Management_System_Project_V1I1\[3] - PIC18F SUBSYSTEM SCHEMATIC.SchDoc with LM335Z from Comp LIb.SchLib
Replace Part U2 PIC18F57Q43-I/PT in C:\Users\simeo\Qsync\PCB_design\Projects\EE3 Project - MCU designs\Hospital_Ward_Management_System_Project_V1I1\[3] - PIC18F SUBSYSTEM SCHEMATIC.SchDoc with PIC18F57Q43-I/PT from Comp LIb.SchLib
Replace Part U3 ULN2003ADR in C:\Users\simeo\Qsync\PCB_design\Projects\EE3 Project - MCU designs\Hospital_Ward_Management_System_Project_V1I1\[3] - PIC18F SUBSYSTEM SCHEMATIC.SchDoc with ULN2003ADR from Comp LIb.SchLib
Replace Part VR1 3361P-1-103GLF in C:\Users\simeo\Qsync\PCB_design\Projects\EE3 Project - MCU designs\Hospital_Ward_Management_System_Project_V1I1\[3] - PIC18F SUBSYSTEM SCHEMATIC.SchDoc with 3361P-1-103GLF from Comp LIb.SchLib
