Removed Pin From Net: NetName=+5V Pin=SW1-2
Removed Member From Class: ClassName=[3] - PIC18F SUBSYSTEM SCHEMATIC Member=SW1
Added Component: Designator=S1(D6RLRDF1LFS)
Add component (AddParameter): Name = "Category"; Value = "Pushbutton Switches"; VariantName = "[No Variations]"
Add component (AddParameter): Name = "ComponentLink1Description"; Value = "http://datasheet.octopart.com/D6RLRDF1LFS-C%26K-Components-datasheet-156156663.pdf?src-supplier=Digikey"; VariantName = "[No Variations]"
Add component (AddParameter): Name = "ComponentLink1URL"; Value = "http://datasheet.octopart.com/D6RLRDF1LFS-C%26K-Components-datasheet-156156663.pdf?src-supplier=Digikey"; VariantName = "[No Variations]"
Add component (AddParameter): Name = "ComponentLink2Description"; Value = "http://datasheet.octopart.com/D6RLRDF1LFS-C%26K-Components-datasheet-156156663.pdf?src-supplier=Mouser"; VariantName = "[No Variations]"
Add component (AddParameter): Name = "ComponentLink2URL"; Value = "http://datasheet.octopart.com/D6RLRDF1LFS-C%26K-Components-datasheet-156156663.pdf?src-supplier=Mouser"; VariantName = "[No Variations]"
Add component (AddParameter): Name = "ComponentLink3Description"; Value = "http://datasheet.octopart.com/D6RLRDF1LFS-C%26K-Components-datasheet-156156663.pdf?src-supplier=Newark"; VariantName = "[No Variations]"
Add component (AddParameter): Name = "ComponentLink3URL"; Value = "http://datasheet.octopart.com/D6RLRDF1LFS-C%26K-Components-datasheet-156156663.pdf?src-supplier=Newark"; VariantName = "[No Variations]"
Add component (AddParameter): Name = "ComponentLink4Description"; Value = "http://datasheet.octopart.com/D6RLRDF1LFS-C%26K-Components-datasheet-156156663.pdf?src-supplier=Avnet"; VariantName = "[No Variations]"
Add component (AddParameter): Name = "ComponentLink4URL"; Value = "http://datasheet.octopart.com/D6RLRDF1LFS-C%26K-Components-datasheet-156156663.pdf?src-supplier=Avnet"; VariantName = "[No Variations]"
Add component (AddParameter): Name = "ComponentLink5Description"; Value = "http://datasheet.octopart.com/D6RLRDF1LFS-C%26K-Components-datasheet-156156663.pdf?src-supplier=Rs"; VariantName = "[No Variations]"
Add component (AddParameter): Name = "ComponentLink5URL"; Value = "http://datasheet.octopart.com/D6RLRDF1LFS-C%26K-Components-datasheet-156156663.pdf?src-supplier=Rs"; VariantName = "[No Variations]"
Add component (AddParameter): Name = "ComponentLink6Description"; Value = "http://datasheet.octopart.com/D6RLRDF1LFS-C%26K-Components-datasheet-156156663.pdf?src-supplier=Allied+Electronics"; VariantName = "[No Variations]"
Add component (AddParameter): Name = "ComponentLink6URL"; Value = "http://datasheet.octopart.com/D6RLRDF1LFS-C%26K-Components-datasheet-156156663.pdf?src-supplier=Allied+Electronics"; VariantName = "[No Variations]"
Add component (AddParameter): Name = "ComponentLink7Description"; Value = "http://datasheet.octopart.com/D6RLRDF1LFS-C%26K-Components-datasheet-156156663.pdf?src-supplier=Onlinecomponents.com"; VariantName = "[No Variations]"
Add component (AddParameter): Name = "ComponentLink7URL"; Value = "http://datasheet.octopart.com/D6RLRDF1LFS-C%26K-Components-datasheet-156156663.pdf?src-supplier=Onlinecomponents.com"; VariantName = "[No Variations]"
Add component (AddParameter): Name = "ComponentLink8Description"; Value = "http://datasheet.octopart.com/D6RLRDF1LFS-C%26K-Components-datasheet-156156663.pdf?src-supplier=TME"; VariantName = "[No Variations]"
Add component (AddParameter): Name = "ComponentLink8URL"; Value = "http://datasheet.octopart.com/D6RLRDF1LFS-C%26K-Components-datasheet-156156663.pdf?src-supplier=TME"; VariantName = "[No Variations]"
Add component (AddParameter): Name = "ComponentLink9Description"; Value = "http://datasheet.octopart.com/D6RLRDF1LFS-C%26K-Components-datasheet-156156663.pdf?src-supplier=Electro+Sonic"; VariantName = "[No Variations]"
Add component (AddParameter): Name = "ComponentLink9URL"; Value = "http://datasheet.octopart.com/D6RLRDF1LFS-C%26K-Components-datasheet-156156663.pdf?src-supplier=Electro+Sonic"; VariantName = "[No Variations]"
Add component (AddParameter): Name = "ComponentLink10Description"; Value = "http://datasheet.octopart.com/D6RLRDF1LFS-C%26K-Components-datasheet-156156663.pdf?src-supplier=LCSC"; VariantName = "[No Variations]"
Add component (AddParameter): Name = "ComponentLink10URL"; Value = "http://datasheet.octopart.com/D6RLRDF1LFS-C%26K-Components-datasheet-156156663.pdf?src-supplier=LCSC"; VariantName = "[No Variations]"
Add component (AddParameter): Name = "ComponentLink11Description"; Value = "http://datasheet.octopart.com/D6RLRDF1LFS-C%26K-Components-datasheet-156156663.pdf?src-supplier=Sager+Electronics"; VariantName = "[No Variations]"
Add component (AddParameter): Name = "ComponentLink11URL"; Value = "http://datasheet.octopart.com/D6RLRDF1LFS-C%26K-Components-datasheet-156156663.pdf?src-supplier=Sager+Electronics"; VariantName = "[No Variations]"
Add component (AddParameter): Name = "Manufacturer"; Value = "ITT C&K"; VariantName = "[No Variations]"
Add component (AddParameter): Name = "Manufacturer Part Number"; Value = "D6RLRDF1LFS"; VariantName = "[No Variations]"
Add component (AddParameter): Name = "Pricing"; Value = "1=1.69, 10=1.28, 50=1.28, 100=1.19, 1000=1.08, 10000=1.08 (USD)"; VariantName = "[No Variations]"
Add component (AddParameter): Name = "RoHS"; Value = "No"; VariantName = "[No Variations]"
Add component (AddParameter): Name = "Stock"; Value = "1608"; VariantName = "[No Variations]"
Add component (AddParameter): Name = "Supplier"; Value = "Mouser"; VariantName = "[No Variations]"
Add component (AddParameter): Name = "Supplier 1"; Value = "Mouser"; VariantName = "[No Variations]"
Add component (AddParameter): Name = "Supplier Part Number"; Value = "611-D6RLRDF1LFS"; VariantName = "[No Variations]"
Add component (AddParameter): Name = "Supplier Part Number 1"; Value = "611-D6RLRDF1LFS"; VariantName = "[No Variations]"
Added Pin To Net: NetName=BUF_MAN_ALARM_CTRL Pin=D4-2
Added Pin To Net: NetName=BUF_MAN_ALARM_CTRL Pin=R13-2
Added Pin To Net: NetName=BUF_MAN_ALARM_CTRL Pin=R14-2
Added Pin To Net: NetName=BUF_MAN_ALARM_CTRL Pin=S1-1
Added Pin To Net: NetName=BUF_MAN_ALARM_CTRL Pin=S1-2
Added Pin To Net: NetName=+5V Pin=S1-3
Added Pin To Net: NetName=+5V Pin=S1-4
Added Pin To Net: NetName=+5V Pin=S1-5
Added Pin To Net: NetName=BUF_MAN_ALARM_CTRL Pin=S1-6
Added Member To Class: ClassName=[3] - PIC18F SUBSYSTEM SCHEMATIC Member=Component S1 D6RLRDF1LFS
