Removed Pin From Net: NetName=LCD_D0 Pin=J7-7
Removed Pin From Net: NetName=GPIO_3 Pin=U2-38
Removed Pin From Net: NetName=NRF_CNS Pin=U2-39
Removed Pin From Net: NetName=R_NRF_SCK Pin=U2-41
Removed Pin From Net: NetName=NRF_CE_SPI1 Pin=U2-42
Removed Pin From Net: NetName=R_BZZR_CTRL Pin=U2-43
Removed Pin From Net: NetName=LCD_E Pin=U2-44
Removed Pin From Net: NetName=LCD_RS Pin=U2-45
Removed Pin From Net: NetName=LCD_D0 Pin=U2-46
Added Pin To Net: NetName=LCD_D2 Pin=J4-1
Added Pin To Net: NetName=LCD_D3 Pin=J4-2
Added Pin To Net: NetName=LCD_D1 Pin=J4-4
Added Pin To Net: NetName=R_BZZR_CTRL Pin=U2-16
Added Pin To Net: NetName=GPIO_3 Pin=U2-17
Added Pin To Net: NetName=LCD_RS Pin=U2-38
Added Pin To Net: NetName=LCD_E Pin=U2-39
Added Pin To Net: NetName=LCD_D0 Pin=U2-40
Added Pin To Net: NetName=LCD_D1 Pin=U2-41
Added Pin To Net: NetName=LCD_D2 Pin=U2-42
Added Pin To Net: NetName=LCD_D3 Pin=U2-43
Added Pin To Net: NetName=NRF_CE_SPI1 Pin=U2-44
Added Pin To Net: NetName=NRF_CNS Pin=U2-45
Added Pin To Net: NetName=R_NRF_SCK Pin=U2-46
