Added Component: Designator=J4(HDR_2X4_2.54MM)
Add component (AddParameter): Name = "Category"; Value = "Connectors"; VariantName = "[No Variations]"
Add component (AddParameter): Name = "Manufacturer"; Value = "Amphenol ICC / FCI"; VariantName = "[No Variations]"
Add component (AddParameter): Name = "Manufacturer Part Number"; Value = "10129381-908001BLF"; VariantName = "[No Variations]"
Add component (AddParameter): Name = "Pricing"; Value = "1=0.23, 10=0.172, 50=0.172, 100=0.131, 1000=0.101, 10000=0.076 (USD)"; VariantName = "[No Variations]"
Add component (AddParameter): Name = "RoHS"; Value = "No"; VariantName = "[No Variations]"
Add component (AddParameter): Name = "Stock"; Value = "4941"; VariantName = "[No Variations]"
Add component (AddParameter): Name = "Supplier"; Value = "Mouser"; VariantName = "[No Variations]"
Add component (AddParameter): Name = "Supplier 1"; Value = "Mouser"; VariantName = "[No Variations]"
Add component (AddParameter): Name = "Supplier Part Number"; Value = "649-1012938190801BLF"; VariantName = "[No Variations]"
Add component (AddParameter): Name = "Supplier Part Number 1"; Value = "649-1012938190801BLF"; VariantName = "[No Variations]"
Added Pin To Net: NetName=NRF_MISO_SPI1 Pin=J4-1
Added Pin To Net: NetName=NRF_IRQ Pin=J4-2
Added Pin To Net: NetName=NRF_SCK_SPI1 Pin=J4-3
Added Pin To Net: NetName=NRF_MOSI_SPI1 Pin=J4-4
Added Pin To Net: NetName=NRF_CE_SPI1 Pin=J4-5
Added Pin To Net: NetName=NRF_CNS Pin=J4-6
Added Pin To Net: NetName=GND Pin=J4-7
Added Pin To Net: NetName=+3V3 Pin=J4-8
Added Member To Class: ClassName=[3] - PIC18F SUBSYSTEM SCHEMATIC Member=Component J4 HDR 2X4 2.54MM
